
> codecov-example-node@0.0.1 test /home/travis/build/totvs/ttalk-standard-message
> mocha -R min validator/test

[2J[1;3H
  34428 passing (19m)
  8 failing

  1) OpenAPI - Branch_v1_000.json  - Schemas:  should be dereferenced. This means all external references are correct (FilePaths and Object property names):
     AssertionError: Error: Error downloading https://raw.githubusercontent.com/totvs/ttalk-standard-message/master/jsonschema/schemas/Branch_2_001.json 
connect ETIMEDOUT 151.101.0.133:443: expected false to be truthy
      at Context.<anonymous> (validator/test/testOpenAPI.js:215:60)
      at processImmediate (internal/timers.js:458:21)

  2) OpenAPI - CalculatedWarnings_v1_000.json  - Schemas:  should be dereferenced. This means all external references are correct (FilePaths and Object property names):
     AssertionError: Error: Error downloading https://raw.githubusercontent.com/totvs/ttalk-standard-message/master/jsonschema/apis/types/totvsApiTypesBase.json 
connect ETIMEDOUT 151.101.0.133:443: expected false to be truthy
      at Context.<anonymous> (validator/test/testOpenAPI.js:215:60)
      at processImmediate (internal/timers.js:458:21)

  3) OpenAPI - Carrier_v1_000.json  - Schemas:  should be dereferenced. This means all external references are correct (FilePaths and Object property names):
     AssertionError: Error: Error downloading https://raw.githubusercontent.com/totvs/ttalk-standard-message/master/jsonschema/schemas/types/State_1_000.json 
connect ETIMEDOUT 151.101.0.133:443: expected false to be truthy
      at Context.<anonymous> (validator/test/testOpenAPI.js:215:60)
      at processImmediate (internal/timers.js:458:21)

  4) OpenAPI - Country_v1_000.json  - Schemas:  should be dereferenced. This means all external references are correct (FilePaths and Object property names):
     AssertionError: Error: Error downloading https://raw.githubusercontent.com/totvs/ttalk-standard-message/master/jsonschema/schemas/types/ListOfInternalId_1_000.json 
connect ETIMEDOUT 151.101.0.133:443: expected false to be truthy
      at Context.<anonymous> (validator/test/testOpenAPI.js:215:60)
      at processImmediate (internal/timers.js:458:21)

  5) OpenAPI - Entities_v1_000.json  - Schemas:  should be dereferenced. This means all external references are correct (FilePaths and Object property names):
     AssertionError: Error: Error downloading https://raw.githubusercontent.com/totvs/ttalk-standard-message/master/jsonschema/schemas/Entities_1_000.json 
connect ETIMEDOUT 151.101.0.133:443: expected false to be truthy
      at Context.<anonymous> (validator/test/testOpenAPI.js:215:60)
      at processImmediate (internal/timers.js:458:21)

  6) OpenAPI - HumidityClassification_v1_000.json  - Schemas:  should be dereferenced. This means all external references are correct (FilePaths and Object property names):
     AssertionError: Error: Error downloading https://raw.githubusercontent.com/totvs/ttalk-standard-message/master/jsonschema/schemas/types/ListOfInternalId_1_000.json 
connect ETIMEDOUT 151.101.0.133:443: expected false to be truthy
      at Context.<anonymous> (validator/test/testOpenAPI.js:215:60)
      at processImmediate (internal/timers.js:458:21)

  7) OpenAPI - RetailItem_v1_000.json  - Schemas:  should be dereferenced. This means all external references are correct (FilePaths and Object property names):
     AssertionError: Error: Error downloading https://raw.githubusercontent.com/totvs/ttalk-standard-message/master/jsonschema/apis/types/totvsApiTypesBase.json 
connect ETIMEDOUT 151.101.0.133:443: expected false to be truthy
      at Context.<anonymous> (validator/test/testOpenAPI.js:215:60)
      at processImmediate (internal/timers.js:458:21)

  8) OpenAPI - User_v1_000.json  - Schemas:  should be dereferenced. This means all external references are correct (FilePaths and Object property names):
     AssertionError: Error: Error downloading https://raw.githubusercontent.com/totvs/ttalk-standard-message/master/jsonschema/apis/types/totvsApiTypesBase.json 
connect ETIMEDOUT 151.101.0.133:443: expected false to be truthy
      at Context.<anonymous> (validator/test/testOpenAPI.js:215:60)
      at processImmediate (internal/timers.js:458:21)



npm ERR! Test failed.  See above for more details.
