
> codecov-example-node@0.0.1 test /home/travis/build/totvs/ttalk-standard-message
> mocha -R min validator/test

[2J[1;3H
  34428 passing (19m)
  8 failing

  1) OpenAPI - BeneficiariesDataContent_v1_000.json  - Schemas:  should be dereferenced. This means all external references are correct (FilePaths and Object property names):
     AssertionError: Error: Error downloading https://raw.githubusercontent.com/totvs/ttalk-standard-message/master/jsonschema/apis/types/totvsApiTypesBase.json 
connect ETIMEDOUT 151.101.0.133:443: expected false to be truthy
      at Context.<anonymous> (validator/test/testOpenAPI.js:215:60)
      at processImmediate (internal/timers.js:458:21)

  2) OpenAPI - Campaigns_v1_000.json  - Schemas:  should be dereferenced. This means all external references are correct (FilePaths and Object property names):
     AssertionError: Error: Error downloading https://raw.githubusercontent.com/totvs/ttalk-standard-message/master/jsonschema/apis/types/totvsApiTypesBase.json 
connect ETIMEDOUT 151.101.0.133:443: expected false to be truthy
      at Context.<anonymous> (validator/test/testOpenAPI.js:215:60)
      at processImmediate (internal/timers.js:458:21)

  3) OpenAPI - Charts_v1_100.json  - Schemas:  should be dereferenced. This means all external references are correct (FilePaths and Object property names):
     AssertionError: Error: Error downloading https://raw.githubusercontent.com/totvs/ttalk-standard-message/master/jsonschema/schemas/Charts_1_100.json 
connect ETIMEDOUT 151.101.0.133:443: expected false to be truthy
      at Context.<anonymous> (validator/test/testOpenAPI.js:215:60)
      at processImmediate (internal/timers.js:458:21)

  4) OpenAPI - MRPTransportingLanes_v1_000.json  - Schemas:  should be dereferenced. This means all external references are correct (FilePaths and Object property names):
     AssertionError: Error: Error downloading https://raw.githubusercontent.com/totvs/ttalk-standard-message/master/jsonschema/apis/types/totvsApiTypesBase.json 
connect ETIMEDOUT 151.101.0.133:443: expected false to be truthy
      at Context.<anonymous> (validator/test/testOpenAPI.js:215:60)
      at processImmediate (internal/timers.js:458:21)

  5) OpenAPI - ProjectDisapproveRequest_v1_000.json  - Schemas:  should be dereferenced. This means all external references are correct (FilePaths and Object property names):
     AssertionError: Error: Error downloading https://raw.githubusercontent.com/totvs/ttalk-standard-message/master/jsonschema/apis/types/totvsApiTypesBase.json 
connect ETIMEDOUT 151.101.0.133:443: expected false to be truthy
      at Context.<anonymous> (validator/test/testOpenAPI.js:215:60)
      at processImmediate (internal/timers.js:458:21)

  6) OpenAPI - ProjectMobilityTeams_v1_000.json  - Schemas:  should be dereferenced. This means all external references are correct (FilePaths and Object property names):
     AssertionError: Error: Error downloading https://raw.githubusercontent.com/totvs/ttalk-standard-message/master/jsonschema/apis/types/totvsApiTypesBase.json 
connect ETIMEDOUT 151.101.0.133:443: expected false to be truthy
      at Context.<anonymous> (validator/test/testOpenAPI.js:215:60)
      at processImmediate (internal/timers.js:458:21)

  7) OpenAPI - Requesters_v1_000.json  - Schemas:  should be dereferenced. This means all external references are correct (FilePaths and Object property names):
     AssertionError: Error: Error downloading https://raw.githubusercontent.com/totvs/ttalk-standard-message/master/jsonschema/schemas/types/Address_2_000.json 
connect ETIMEDOUT 151.101.0.133:443: expected false to be truthy
      at Context.<anonymous> (validator/test/testOpenAPI.js:215:60)
      at processImmediate (internal/timers.js:458:21)

  8) OpenAPI - UnitMeasurementConversion_v1_000.json  - Schemas:  should be dereferenced. This means all external references are correct (FilePaths and Object property names):
     AssertionError: Error: Error downloading https://raw.githubusercontent.com/totvs/ttalk-standard-message/master/jsonschema/apis/types/totvsApiTypesBase.json 
connect ETIMEDOUT 151.101.0.133:443: expected false to be truthy
      at Context.<anonymous> (validator/test/testOpenAPI.js:215:60)
      at processImmediate (internal/timers.js:458:21)



npm ERR! Test failed.  See above for more details.
