
> codecov-example-node@0.0.1 test /home/travis/build/totvs/ttalk-standard-message
> mocha -R min validator/test

[2J[1;3H
  34428 passing (19m)
  8 failing

  1) OpenAPI - AuditQuestionnaire_v1_000.json  - Schemas:  should be dereferenced. This means all external references are correct (FilePaths and Object property names):
     AssertionError: Error: Error downloading https://raw.githubusercontent.com/totvs/ttalk-standard-message/master/jsonschema/apis/types/totvsApiTypesBase.json 
connect ETIMEDOUT 151.101.0.133:443: expected false to be truthy
      at Context.<anonymous> (validator/test/testOpenAPI.js:215:60)
      at processImmediate (internal/timers.js:458:21)

  2) OpenAPI - ClassValue_v1_000.json  - Schemas:  should be dereferenced. This means all external references are correct (FilePaths and Object property names):
     AssertionError: Error: Error downloading https://raw.githubusercontent.com/totvs/ttalk-standard-message/master/jsonschema/apis/types/totvsApiTypesBase.json 
connect ETIMEDOUT 151.101.0.133:443: expected false to be truthy
      at Context.<anonymous> (validator/test/testOpenAPI.js:215:60)
      at processImmediate (internal/timers.js:458:21)

  3) OpenAPI - MRPRejectedInventory_v1_000.json  - Schemas:  should be dereferenced. This means all external references are correct (FilePaths and Object property names):
     AssertionError: Error: Error downloading https://raw.githubusercontent.com/totvs/ttalk-standard-message/master/jsonschema/apis/types/totvsApiTypesBase.json 
connect ETIMEDOUT 151.101.0.133:443: expected false to be truthy
      at Context.<anonymous> (validator/test/testOpenAPI.js:215:60)
      at processImmediate (internal/timers.js:458:21)

  4) OpenAPI - MedicalSpecialty_v1_000.json  - Schemas:  should be dereferenced. This means all external references are correct (FilePaths and Object property names):
     AssertionError: Error: Error downloading https://raw.githubusercontent.com/totvs/ttalk-standard-message/master/jsonschema/apis/types/totvsApiTypesBase.json 
connect ETIMEDOUT 151.101.0.133:443: expected false to be truthy
      at Context.<anonymous> (validator/test/testOpenAPI.js:215:60)
      at processImmediate (internal/timers.js:458:21)

  5) OpenAPI - PlantEvent_v1_000.json  - Schemas:  should be dereferenced. This means all external references are correct (FilePaths and Object property names):
     AssertionError: Error: Error downloading https://raw.githubusercontent.com/totvs/ttalk-standard-message/master/jsonschema/apis/types/totvsApiTypesBase.json 
connect ETIMEDOUT 151.101.0.133:443: expected false to be truthy
      at Context.<anonymous> (validator/test/testOpenAPI.js:215:60)
      at processImmediate (internal/timers.js:458:21)

  6) OpenAPI - ProjectItemsMaterialRequests_v1_000.json  - Schemas:  should be dereferenced. This means all external references are correct (FilePaths and Object property names):
     AssertionError: Error: Error downloading https://raw.githubusercontent.com/totvs/ttalk-standard-message/master/jsonschema/schemas/ProjectItemsMaterialRequests_1_000.json 
connect ETIMEDOUT 151.101.0.133:443: expected false to be truthy
      at Context.<anonymous> (validator/test/testOpenAPI.js:215:60)
      at processImmediate (internal/timers.js:458:21)

  7) OpenAPI - StopReason_v1_000.json  - Schemas:  should be dereferenced. This means all external references are correct (FilePaths and Object property names):
     AssertionError: Error: Error downloading https://raw.githubusercontent.com/totvs/ttalk-standard-message/master/jsonschema/schemas/StopReason_1_000.json 
connect ETIMEDOUT 151.101.0.133:443: expected false to be truthy
      at Context.<anonymous> (validator/test/testOpenAPI.js:215:60)
      at processImmediate (internal/timers.js:458:21)

  8) OpenAPI - TaskCostAssigments_v1_000.json  - Schemas:  should be dereferenced. This means all external references are correct (FilePaths and Object property names):
     AssertionError: Error: Error downloading https://raw.githubusercontent.com/totvs/ttalk-standard-message/master/jsonschema/apis/types/totvsApiTypesBase.json 
connect ETIMEDOUT 151.101.0.133:443: expected false to be truthy
      at Context.<anonymous> (validator/test/testOpenAPI.js:215:60)
      at processImmediate (internal/timers.js:458:21)



npm ERR! Test failed.  See above for more details.
