
> codecov-example-node@0.0.1 test /home/travis/build/totvs/ttalk-standard-message
> mocha -R min validator/test

[2J[1;3H
  34430 passing (14m)
  6 failing

  1) OpenAPI - MRPWarehouse_v1_000.json  - Schemas:  should be dereferenced. This means all external references are correct (FilePaths and Object property names):
     AssertionError: Error: Error downloading https://raw.githubusercontent.com/totvs/ttalk-standard-message/master/jsonschema/apis/types/totvsApiTypesBase.json 
connect ETIMEDOUT 151.101.0.133:443: expected false to be truthy
      at Context.<anonymous> (validator/test/testOpenAPI.js:215:60)
      at processImmediate (internal/timers.js:458:21)

  2) OpenAPI - MaterialFamilies_v1_000.json  - Schemas:  should be dereferenced. This means all external references are correct (FilePaths and Object property names):
     AssertionError: Error: Error downloading https://raw.githubusercontent.com/totvs/ttalk-standard-message/master/jsonschema/apis/types/totvsApiTypesBase.json 
connect ETIMEDOUT 151.101.0.133:443: expected false to be truthy
      at Context.<anonymous> (validator/test/testOpenAPI.js:215:60)
      at processImmediate (internal/timers.js:458:21)

  3) OpenAPI - ProjectReasonsMaterialRequestExtra_v1_000.json  - Schemas:  should be dereferenced. This means all external references are correct (FilePaths and Object property names):
     AssertionError: Error: Error downloading https://raw.githubusercontent.com/totvs/ttalk-standard-message/master/jsonschema/schemas/ProjectReasonsMaterialRequestExtra_1_000.json 
connect ETIMEDOUT 151.101.0.133:443: expected false to be truthy
      at Context.<anonymous> (validator/test/testOpenAPI.js:215:60)
      at processImmediate (internal/timers.js:458:21)

  4) OpenAPI - TicketStepForward_v1_001.json  - Version:  should be backward compatible with minor versions:

      AssertionError: 
Validator error: Comparator API returned an http error: 500 - null: expected false to be true
      + expected - actual

      -false
      +true
      
      at Context.<anonymous> (validator/test/testOpenAPI.js:158:26)
      at processImmediate (internal/timers.js:458:21)

  5) OpenAPI - TicketStepForward_v1_001.json  - Version:  should have anything different from the previous minor version, beside x-totvs:
     AssertionError: Validator error: Comparator API returned an http error: 500 - null: expected undefined to be true
      at Context.<anonymous> (validator/test/testOpenAPI.js:165:26)
      at processImmediate (internal/timers.js:458:21)

  6) OpenAPI - Tickets_v1_001.json  - Schemas:  should be dereferenced. This means all external references are correct (FilePaths and Object property names):
     AssertionError: Error: Error downloading https://raw.githubusercontent.com/totvs/ttalk-standard-message/master/jsonschema/schemas/Tickets_1_001.json 
connect ETIMEDOUT 151.101.0.133:443: expected false to be truthy
      at Context.<anonymous> (validator/test/testOpenAPI.js:215:60)
      at processImmediate (internal/timers.js:458:21)



npm ERR! Test failed.  See above for more details.
